::1 - - [13/Sep/2017:16:40:58 +0000] "GET / HTTP/1.1" 200 12 "-" "Mozilla/5.0 (Macintosh; Intel Mac OS X 10_12_5) AppleWebKit/537.36 (KHTML, like Gecko) Chrome/60.0.3112.113 Safari/537.36"
::1 - - [13/Sep/2017:16:41:15 +0000] "GET /index.html HTTP/1.1" 404 149 "-" "Mozilla/5.0 (Macintosh; Intel Mac OS X 10_12_5) AppleWebKit/537.36 (KHTML, like Gecko) Chrome/60.0.3112.113 Safari/537.36"
::1 - - [13/Sep/2017:16:45:03 +0000] "POST /login HTTP/1.1" 302 54 "https://localhost:8080/" "Mozilla/5.0 (Macintosh; Intel Mac OS X 10_12_5) AppleWebKit/537.36 (KHTML, like Gecko) Chrome/60.0.3112.113 Safari/537.36"
::1 - - [13/Sep/2017:16:45:03 +0000] "GET /list HTTP/1.1" 404 143 "https://localhost:8080/" "Mozilla/5.0 (Macintosh; Intel Mac OS X 10_12_5) AppleWebKit/537.36 (KHTML, like Gecko) Chrome/60.0.3112.113 Safari/537.36"
::1 - - [13/Sep/2017:16:45:39 +0000] "POST /login HTTP/1.1" 302 46 "https://localhost:8080/" "Mozilla/5.0 (Macintosh; Intel Mac OS X 10_12_5) AppleWebKit/537.36 (KHTML, like Gecko) Chrome/60.0.3112.113 Safari/537.36"
::1 - - [13/Sep/2017:16:45:43 +0000] "POST /login HTTP/1.1" 302 58 "https://localhost:8080/" "Mozilla/5.0 (Macintosh; Intel Mac OS X 10_12_5) AppleWebKit/537.36 (KHTML, like Gecko) Chrome/60.0.3112.113 Safari/537.36"
::1 - - [13/Sep/2017:16:45:43 +0000] "GET /secret HTTP/1.1" 302 56 "https://localhost:8080/" "Mozilla/5.0 (Macintosh; Intel Mac OS X 10_12_5) AppleWebKit/537.36 (KHTML, like Gecko) Chrome/60.0.3112.113 Safari/537.36"
::1 - - [13/Sep/2017:16:45:43 +0000] "GET /login HTTP/1.1" 404 144 "https://localhost:8080/" "Mozilla/5.0 (Macintosh; Intel Mac OS X 10_12_5) AppleWebKit/537.36 (KHTML, like Gecko) Chrome/60.0.3112.113 Safari/537.36"
::1 - - [13/Sep/2017:16:46:07 +0000] "POST /login HTTP/1.1" 302 58 "https://localhost:8080/" "Mozilla/5.0 (Macintosh; Intel Mac OS X 10_12_5) AppleWebKit/537.36 (KHTML, like Gecko) Chrome/60.0.3112.113 Safari/537.36"
::1 - - [13/Sep/2017:16:46:07 +0000] "GET /secret HTTP/1.1" 302 56 "https://localhost:8080/" "Mozilla/5.0 (Macintosh; Intel Mac OS X 10_12_5) AppleWebKit/537.36 (KHTML, like Gecko) Chrome/60.0.3112.113 Safari/537.36"
::1 - - [13/Sep/2017:16:46:07 +0000] "GET /login HTTP/1.1" 404 144 "https://localhost:8080/" "Mozilla/5.0 (Macintosh; Intel Mac OS X 10_12_5) AppleWebKit/537.36 (KHTML, like Gecko) Chrome/60.0.3112.113 Safari/537.36"
::1 - - [13/Sep/2017:16:46:13 +0000] "GET /login HTTP/1.1" 404 144 "https://localhost:8080/" "Mozilla/5.0 (Macintosh; Intel Mac OS X 10_12_5) AppleWebKit/537.36 (KHTML, like Gecko) Chrome/60.0.3112.113 Safari/537.36"
::1 - - [13/Sep/2017:16:50:48 +0000] "POST /login HTTP/1.1" 302 58 "https://localhost:8080/" "Mozilla/5.0 (Macintosh; Intel Mac OS X 10_12_5) AppleWebKit/537.36 (KHTML, like Gecko) Chrome/60.0.3112.113 Safari/537.36"
::1 - - [13/Sep/2017:16:50:48 +0000] "GET /secret HTTP/1.1" 302 56 "https://localhost:8080/" "Mozilla/5.0 (Macintosh; Intel Mac OS X 10_12_5) AppleWebKit/537.36 (KHTML, like Gecko) Chrome/60.0.3112.113 Safari/537.36"
::1 - - [13/Sep/2017:16:50:48 +0000] "GET /login HTTP/1.1" 404 144 "https://localhost:8080/" "Mozilla/5.0 (Macintosh; Intel Mac OS X 10_12_5) AppleWebKit/537.36 (KHTML, like Gecko) Chrome/60.0.3112.113 Safari/537.36"
::1 - - [13/Sep/2017:16:51:01 +0000] "GET /logout HTTP/1.1" 302 46 "-" "Mozilla/5.0 (Macintosh; Intel Mac OS X 10_12_5) AppleWebKit/537.36 (KHTML, like Gecko) Chrome/60.0.3112.113 Safari/537.36"
::1 - - [13/Sep/2017:16:51:04 +0000] "POST /login HTTP/1.1" 302 58 "https://localhost:8080/" "Mozilla/5.0 (Macintosh; Intel Mac OS X 10_12_5) AppleWebKit/537.36 (KHTML, like Gecko) Chrome/60.0.3112.113 Safari/537.36"
::1 - - [13/Sep/2017:16:51:04 +0000] "GET /secret HTTP/1.1" 302 56 "https://localhost:8080/" "Mozilla/5.0 (Macintosh; Intel Mac OS X 10_12_5) AppleWebKit/537.36 (KHTML, like Gecko) Chrome/60.0.3112.113 Safari/537.36"
::1 - - [13/Sep/2017:16:51:04 +0000] "GET /login HTTP/1.1" 404 144 "https://localhost:8080/" "Mozilla/5.0 (Macintosh; Intel Mac OS X 10_12_5) AppleWebKit/537.36 (KHTML, like Gecko) Chrome/60.0.3112.113 Safari/537.36"
::1 - - [13/Sep/2017:16:51:15 +0000] "GET /logout HTTP/1.1" 302 46 "-" "Mozilla/5.0 (Macintosh; Intel Mac OS X 10_12_5) AppleWebKit/537.36 (KHTML, like Gecko) Chrome/60.0.3112.113 Safari/537.36"
::1 - - [13/Sep/2017:16:51:19 +0000] "POST /login HTTP/1.1" 302 58 "https://localhost:8080/" "Mozilla/5.0 (Macintosh; Intel Mac OS X 10_12_5) AppleWebKit/537.36 (KHTML, like Gecko) Chrome/60.0.3112.113 Safari/537.36"
::1 - - [13/Sep/2017:16:51:19 +0000] "GET /secret HTTP/1.1" 302 56 "https://localhost:8080/" "Mozilla/5.0 (Macintosh; Intel Mac OS X 10_12_5) AppleWebKit/537.36 (KHTML, like Gecko) Chrome/60.0.3112.113 Safari/537.36"
::1 - - [13/Sep/2017:16:51:19 +0000] "GET /login HTTP/1.1" 404 144 "https://localhost:8080/" "Mozilla/5.0 (Macintosh; Intel Mac OS X 10_12_5) AppleWebKit/537.36 (KHTML, like Gecko) Chrome/60.0.3112.113 Safari/537.36"
::1 - - [13/Sep/2017:16:52:14 +0000] "GET /login HTTP/1.1" 404 144 "https://localhost:8080/" "Mozilla/5.0 (Macintosh; Intel Mac OS X 10_12_5) AppleWebKit/537.36 (KHTML, like Gecko) Chrome/60.0.3112.113 Safari/537.36"
::1 - - [13/Sep/2017:16:52:18 +0000] "GET /logout HTTP/1.1" 302 46 "-" "Mozilla/5.0 (Macintosh; Intel Mac OS X 10_12_5) AppleWebKit/537.36 (KHTML, like Gecko) Chrome/60.0.3112.113 Safari/537.36"
::1 - - [13/Sep/2017:16:52:20 +0000] "POST /login HTTP/1.1" 302 46 "https://localhost:8080/" "Mozilla/5.0 (Macintosh; Intel Mac OS X 10_12_5) AppleWebKit/537.36 (KHTML, like Gecko) Chrome/60.0.3112.113 Safari/537.36"
::1 - - [13/Sep/2017:16:52:24 +0000] "POST /login HTTP/1.1" 302 58 "https://localhost:8080/" "Mozilla/5.0 (Macintosh; Intel Mac OS X 10_12_5) AppleWebKit/537.36 (KHTML, like Gecko) Chrome/60.0.3112.113 Safari/537.36"
::1 - - [13/Sep/2017:16:52:24 +0000] "GET /secret HTTP/1.1" 200 12 "https://localhost:8080/" "Mozilla/5.0 (Macintosh; Intel Mac OS X 10_12_5) AppleWebKit/537.36 (KHTML, like Gecko) Chrome/60.0.3112.113 Safari/537.36"
